Unity Editor version:    2022.3.0f1 (fb119bb0b476)
Branch:                  2022.3/release
Build type:              Release
Batch mode:              YES
macOS version:           Version 12.6 (Build 21G115)
Darwin version:          21.6.0
Architecture:            arm64
Running under Rosetta:   NO
Available memory:        16384 MB
Using pre-set license
Pro License: YES

COMMAND LINE ARGUMENTS:
/Users/amliu/Desktop/2022.3.0f1/Unity.app/Contents/MacOS/Unity
-adb2
-batchMode
-noUpm
-name
AssetImportWorker17
-projectPath
/Users/amliu/Documents/rugs copy/Letters/rugs copy 3
-logFile
Logs/AssetImportWorker17.log
-srvPort
63650
Successfully changed project path to: /Users/amliu/Documents/rugs copy/Letters/rugs copy 3
/Users/amliu/Documents/rugs copy/Letters/rugs copy 3
[UnityMemory] Configuration Parameters - Can be set up in boot.config
    "memorysetup-bucket-allocator-granularity=16"
    "memorysetup-bucket-allocator-bucket-count=8"
    "memorysetup-bucket-allocator-block-size=33554432"
    "memorysetup-bucket-allocator-block-count=8"
    "memorysetup-main-allocator-block-size=16777216"
    "memorysetup-thread-allocator-block-size=16777216"
    "memorysetup-gfx-main-allocator-block-size=16777216"
    "memorysetup-gfx-thread-allocator-block-size=16777216"
    "memorysetup-cache-allocator-block-size=4194304"
    "memorysetup-typetree-allocator-block-size=2097152"
    "memorysetup-profiler-bucket-allocator-granularity=16"
    "memorysetup-profiler-bucket-allocator-bucket-count=8"
    "memorysetup-profiler-bucket-allocator-block-size=33554432"
    "memorysetup-profiler-bucket-allocator-block-count=8"
    "memorysetup-profiler-allocator-block-size=16777216"
    "memorysetup-profiler-editor-allocator-block-size=1048576"
    "memorysetup-temp-allocator-size-main=16777216"
    "memorysetup-job-temp-allocator-block-size=2097152"
    "memorysetup-job-temp-allocator-block-size-background=1048576"
    "memorysetup-job-temp-allocator-reduction-small-platforms=262144"
    "memorysetup-allocator-temp-initial-block-size-main=262144"
    "memorysetup-allocator-temp-initial-block-size-worker=262144"
    "memorysetup-temp-allocator-size-background-worker=32768"
    "memorysetup-temp-allocator-size-job-worker=262144"
    "memorysetup-temp-allocator-size-preload-manager=33554432"
    "memorysetup-temp-allocator-size-nav-mesh-worker=65536"
    "memorysetup-temp-allocator-size-audio-worker=65536"
    "memorysetup-temp-allocator-size-cloud-worker=32768"
    "memorysetup-temp-allocator-size-gi-baking-worker=262144"
    "memorysetup-temp-allocator-size-gfx=262144"
Player connection [4406412672] Host "[IP] 192.168.1.35 [Port] 0 [Flags] 2 [Guid] 1962513758 [EditorId] 1962513758 [Version] 1048832 [Id] OSXEditor(0,USAmyLiu2200049) [Debug] 1 [PackageName] OSXEditor [ProjectName] Editor" joined multi-casting on [225.0.0.222:54997]...

Player connection [4406412672] Host "[IP] 192.168.1.35 [Port] 0 [Flags] 2 [Guid] 1962513758 [EditorId] 1962513758 [Version] 1048832 [Id] OSXEditor(0,USAmyLiu2200049) [Debug] 1 [PackageName] OSXEditor [ProjectName] Editor" joined alternative multi-casting on [225.0.0.222:34997]...

Refreshing native plugins compatible for Editor in 0.25 ms, found 0 plugins.
Preloading 0 native plugins for Editor in 0.00 ms.
Initialize engine version: 2022.3.0f1 (fb119bb0b476)
[Subsystems] Discovering subsystems at path /Users/amliu/Desktop/2022.3.0f1/Unity.app/Contents/Resources/UnitySubsystems
[Subsystems] Discovering subsystems at path /Users/amliu/Documents/rugs copy/Letters/rugs copy 3/Assets
GfxDevice: creating device client; threaded=0; jobified=0
 preferred device: Apple M1 (high power)
Metal devices available: 1
0: Apple M1 (high power)
Using device Apple M1 (high power)
Initializing Metal device caps: Apple M1
Initialize mono
Mono path[0] = '/Users/amliu/Desktop/2022.3.0f1/Unity.app/Contents/Managed'
Mono path[1] = '/Users/amliu/Desktop/2022.3.0f1/Unity.app/Contents/MonoBleedingEdge/lib/mono/unityjit-macos'
Mono config path = '/Users/amliu/Desktop/2022.3.0f1/Unity.app/Contents/MonoBleedingEdge/etc'
Using monoOptions --debugger-agent=transport=dt_socket,embedding=1,server=y,suspend=n,address=127.0.0.1:56982
Begin MonoManager ReloadAssembly
Registering precompiled unity dll's ...
Register platform support module: /Users/amliu/Desktop/2022.3.0f1/Unity.app/Contents/PlaybackEngines/MacStandaloneSupport/UnityEditor.OSXStandalone.Extensions.dll
Registered in 0.000753 seconds.
- Loaded All Assemblies, in  0.431 seconds
Native extension for OSXStandalone target not found
Mono: successfully reloaded assembly
- Finished resetting the current domain, in  0.318 seconds
Domain Reload Profiling: 749ms
	BeginReloadAssembly (117ms)
		ExecutionOrderSort (0ms)
		DisableScriptedObjects (0ms)
		BackupInstance (0ms)
		ReleaseScriptingObjects (0ms)
		CreateAndSetChildDomain (1ms)
	RebuildCommonClasses (48ms)
	RebuildNativeTypeToScriptingClass (15ms)
	initialDomainReloadingComplete (62ms)
	LoadAllAssembliesAndSetupDomain (188ms)
		LoadAssemblies (116ms)
		RebuildTransferFunctionScriptingTraits (0ms)
		AnalyzeDomain (186ms)
			TypeCache.Refresh (185ms)
				TypeCache.ScanAssembly (170ms)
			ScanForSourceGeneratedMonoScriptInfo (0ms)
			ResolveRequiredComponents (1ms)
	FinalizeReload (319ms)
		ReleaseScriptCaches (0ms)
		RebuildScriptCaches (0ms)
		SetupLoadedEditorAssemblies (248ms)
			LogAssemblyErrors (0ms)
			InitializePlatformSupportModulesInManaged (7ms)
			SetLoadedEditorAssemblies (8ms)
			RefreshPlugins (0ms)
			BeforeProcessingInitializeOnLoad (2ms)
			ProcessInitializeOnLoadAttributes (175ms)
			ProcessInitializeOnLoadMethodAttributes (56ms)
			AfterProcessingInitializeOnLoad (0ms)
			EditorAssembliesLoaded (0ms)
		ExecutionOrderSort2 (0ms)
		AwakeInstancesAfterBackupRestoration (0ms)
Assertion failed on expression: 'IsFileCreated(assemblyPath)'
Assertion failed on expression: 'IsFileCreated(assemblyPath)'
Assertion failed on expression: 'IsFileCreated(assemblyPath)'
Assertion failed on expression: 'IsFileCreated(assemblyPath)'
Assertion failed on expression: 'IsFileCreated(assemblyPath)'
Assertion failed on expression: 'IsFileCreated(assemblyPath)'
Assertion failed on expression: 'IsFileCreated(assemblyPath)'
Assertion failed on expression: 'IsFileCreated(assemblyPath)'
Assertion failed on expression: 'IsFileCreated(assemblyPath)'
Assertion failed on expression: 'IsFileCreated(assemblyPath)'
Assertion failed on expression: 'IsFileCreated(assemblyPath)'
Assertion failed on expression: 'IsFileCreated(assemblyPath)'
Assertion failed on expression: 'IsFileCreated(assemblyPath)'
Compilation Pipeline: Could not read file Packages/com.unity.textmeshpro/Scripts/Runtime/Unity.TextMeshPro.asmdef
Fatal Error! Compilation Pipeline: Could not read file Packages/com.unity.textmeshpro/Scripts/Runtime/Unity.TextMeshPro.asmdef
Obtained 35 stack frames.
#0  0x000001bb94ed98 in __pthread_kill
#1  0x98520001bb8be340 in abort
#2  0x233d00010318c5e4 in __cxx_global_var_init.3
#3  0x00000101d5a100 in EditorMonoConsole::LogToConsoleImplementation(CppLogEntry&)
#4  0x00000101d597cc in EditorMonoConsole::LogToConsoleImplementation(DebugStringToFileData const&)
#5  0x00000101d5b3e8 in LogToConsoleImplementation(DebugStringToFileData const&)
#6  0x00000102ad4bec in DebugStringToFilePostprocessedStacktrace(DebugStringToFileData const&)
#7  0x00000102ad5184 in DebugStringToFile(DebugStringToFileData const&)
#8  0x0000010227354c in RegisterAssemblyDefinition(core::basic_string<char, core::StringStorageDefault<char> > const&)
#9  0x00000102660a3c in UpdateScriptCompilationPipelineCaches(ScriptChanges const&, bool)
#10 0x000001026612a4 in WorkerInitializeAndProcessScriptChanges()
#11 0x00000101ee83ec in Application::InitializeProject()
#12 0x00000103197b9c in -[EditorApplication applicationDidFinishLaunching:]
#13 0x000001bba45468 in __CFNOTIFICATIONCENTER_IS_CALLING_OUT_TO_AN_OBSERVER__
#14 0x44690001bbae9bb8 in ___CFXRegistrationPost_block_invoke
#15 0x9e7d8001bbae9b24 in _CFXRegistrationPost
#16 0x56510001bba140f8 in _CFXNotificationPost
#17 0x95480001bc8d9c28 in -[NSNotificationCenter postNotificationName:object:userInfo:]
#18 0x147c8001be5bf28c in -[NSApplication _postDidFinishNotification]
#19 0xf020001be5befa4 in -[NSApplication _sendFinishLaunchingNotification]
#20 0xba2a0001be5bc9c8 in -[NSApplication(NSAppleEventHandling) _handleAEOpenEvent:]
#21 0x15658001be5bc5a8 in -[NSApplication(NSAppleEventHandling) _handleCoreEvent:withReplyEvent:]
#22 0x52058001bc9067d8 in -[NSAppleEventManager dispatchRawAppleEvent:withRawReply:handlerRefCon:]
#23 0x6a7b0001bc906610 in _NSAppleEventManagerGenericHandler
#24 0xf7318001c21f6ac4 in _AppleEventsCheckInAppWithBlock
#25 0x1e430001c21f641c in _AppleEventsCheckInAppWithBlock
#26 0x2d078001c21ef4b4 in aeProcessAppleEvent
#27 0x284c8001c469f95c in AEProcessAppleEvent
#28 0x602e8001be5b68f4 in _DPSNextEvent
#29 0x6020001be5b4e14 in -[NSApplication(NSEvent) _nextEventMatchingEventMask:untilDate:inMode:dequeue:]
#30 0x87c0001be5a6fe0 in -[NSApplication run]
#31 0xa14d0001be5786fc in NSApplicationMain
#32 0xb5798001031b1540 in EditorMain(int, char const**)
#33 0x000001031b187c in main
#34 0x000001069d508c in (Unknown)
