Unity Editor version:    2022.3.0f1 (fb119bb0b476)
Branch:                  2022.3/release
Build type:              Release
Batch mode:              YES
macOS version:           Version 12.6 (Build 21G115)
Darwin version:          21.6.0
Architecture:            arm64
Running under Rosetta:   NO
Available memory:        16384 MB
Using pre-set license
Pro License: YES

COMMAND LINE ARGUMENTS:
/Users/amliu/Desktop/2022.3.0f1/Unity.app/Contents/MacOS/Unity
-adb2
-batchMode
-noUpm
-name
AssetImportWorker16
-projectPath
/Users/amliu/Documents/rugs copy/Letters/rugs copy 3
-logFile
Logs/AssetImportWorker16.log
-srvPort
63650
Successfully changed project path to: /Users/amliu/Documents/rugs copy/Letters/rugs copy 3
/Users/amliu/Documents/rugs copy/Letters/rugs copy 3
[UnityMemory] Configuration Parameters - Can be set up in boot.config
    "memorysetup-bucket-allocator-granularity=16"
    "memorysetup-bucket-allocator-bucket-count=8"
    "memorysetup-bucket-allocator-block-size=33554432"
    "memorysetup-bucket-allocator-block-count=8"
    "memorysetup-main-allocator-block-size=16777216"
    "memorysetup-thread-allocator-block-size=16777216"
    "memorysetup-gfx-main-allocator-block-size=16777216"
    "memorysetup-gfx-thread-allocator-block-size=16777216"
    "memorysetup-cache-allocator-block-size=4194304"
    "memorysetup-typetree-allocator-block-size=2097152"
    "memorysetup-profiler-bucket-allocator-granularity=16"
    "memorysetup-profiler-bucket-allocator-bucket-count=8"
    "memorysetup-profiler-bucket-allocator-block-size=33554432"
    "memorysetup-profiler-bucket-allocator-block-count=8"
    "memorysetup-profiler-allocator-block-size=16777216"
    "memorysetup-profiler-editor-allocator-block-size=1048576"
    "memorysetup-temp-allocator-size-main=16777216"
    "memorysetup-job-temp-allocator-block-size=2097152"
    "memorysetup-job-temp-allocator-block-size-background=1048576"
    "memorysetup-job-temp-allocator-reduction-small-platforms=262144"
    "memorysetup-allocator-temp-initial-block-size-main=262144"
    "memorysetup-allocator-temp-initial-block-size-worker=262144"
    "memorysetup-temp-allocator-size-background-worker=32768"
    "memorysetup-temp-allocator-size-job-worker=262144"
    "memorysetup-temp-allocator-size-preload-manager=33554432"
    "memorysetup-temp-allocator-size-nav-mesh-worker=65536"
    "memorysetup-temp-allocator-size-audio-worker=65536"
    "memorysetup-temp-allocator-size-cloud-worker=32768"
    "memorysetup-temp-allocator-size-gi-baking-worker=262144"
    "memorysetup-temp-allocator-size-gfx=262144"
Player connection [4440098176] Host "[IP] 192.168.1.35 [Port] 0 [Flags] 2 [Guid] 680356234 [EditorId] 680356234 [Version] 1048832 [Id] OSXEditor(0,USAmyLiu2200049) [Debug] 1 [PackageName] OSXEditor [ProjectName] Editor" joined multi-casting on [225.0.0.222:54997]...

Player connection [4440098176] Host "[IP] 192.168.1.35 [Port] 0 [Flags] 2 [Guid] 680356234 [EditorId] 680356234 [Version] 1048832 [Id] OSXEditor(0,USAmyLiu2200049) [Debug] 1 [PackageName] OSXEditor [ProjectName] Editor" joined alternative multi-casting on [225.0.0.222:34997]...

Refreshing native plugins compatible for Editor in 0.24 ms, found 0 plugins.
Preloading 0 native plugins for Editor in 0.00 ms.
Initialize engine version: 2022.3.0f1 (fb119bb0b476)
[Subsystems] Discovering subsystems at path /Users/amliu/Desktop/2022.3.0f1/Unity.app/Contents/Resources/UnitySubsystems
[Subsystems] Discovering subsystems at path /Users/amliu/Documents/rugs copy/Letters/rugs copy 3/Assets
GfxDevice: creating device client; threaded=0; jobified=0
 preferred device: Apple M1 (high power)
Metal devices available: 1
0: Apple M1 (high power)
Using device Apple M1 (high power)
Initializing Metal device caps: Apple M1
Initialize mono
Mono path[0] = '/Users/amliu/Desktop/2022.3.0f1/Unity.app/Contents/Managed'
Mono path[1] = '/Users/amliu/Desktop/2022.3.0f1/Unity.app/Contents/MonoBleedingEdge/lib/mono/unityjit-macos'
Mono config path = '/Users/amliu/Desktop/2022.3.0f1/Unity.app/Contents/MonoBleedingEdge/etc'
Using monoOptions --debugger-agent=transport=dt_socket,embedding=1,server=y,suspend=n,address=127.0.0.1:56980
Begin MonoManager ReloadAssembly
Registering precompiled unity dll's ...
Register platform support module: /Users/amliu/Desktop/2022.3.0f1/Unity.app/Contents/PlaybackEngines/MacStandaloneSupport/UnityEditor.OSXStandalone.Extensions.dll
Registered in 0.001972 seconds.
- Loaded All Assemblies, in  0.446 seconds
Native extension for OSXStandalone target not found
Mono: successfully reloaded assembly
- Finished resetting the current domain, in  0.314 seconds
Domain Reload Profiling: 761ms
	BeginReloadAssembly (130ms)
		ExecutionOrderSort (0ms)
		DisableScriptedObjects (0ms)
		BackupInstance (0ms)
		ReleaseScriptingObjects (0ms)
		CreateAndSetChildDomain (1ms)
	RebuildCommonClasses (47ms)
	RebuildNativeTypeToScriptingClass (17ms)
	initialDomainReloadingComplete (56ms)
	LoadAllAssembliesAndSetupDomain (197ms)
		LoadAssemblies (129ms)
		RebuildTransferFunctionScriptingTraits (0ms)
		AnalyzeDomain (193ms)
			TypeCache.Refresh (192ms)
				TypeCache.ScanAssembly (179ms)
			ScanForSourceGeneratedMonoScriptInfo (0ms)
			ResolveRequiredComponents (0ms)
	FinalizeReload (315ms)
		ReleaseScriptCaches (0ms)
		RebuildScriptCaches (0ms)
		SetupLoadedEditorAssemblies (237ms)
			LogAssemblyErrors (0ms)
			InitializePlatformSupportModulesInManaged (7ms)
			SetLoadedEditorAssemblies (9ms)
			RefreshPlugins (0ms)
			BeforeProcessingInitializeOnLoad (3ms)
			ProcessInitializeOnLoadAttributes (162ms)
			ProcessInitializeOnLoadMethodAttributes (55ms)
			AfterProcessingInitializeOnLoad (0ms)
			EditorAssembliesLoaded (0ms)
		ExecutionOrderSort2 (0ms)
		AwakeInstancesAfterBackupRestoration (0ms)
Assertion failed on expression: 'IsFileCreated(assemblyPath)'
Assertion failed on expression: 'IsFileCreated(assemblyPath)'
Assertion failed on expression: 'IsFileCreated(assemblyPath)'
Assertion failed on expression: 'IsFileCreated(assemblyPath)'
Assertion failed on expression: 'IsFileCreated(assemblyPath)'
Assertion failed on expression: 'IsFileCreated(assemblyPath)'
Assertion failed on expression: 'IsFileCreated(assemblyPath)'
Assertion failed on expression: 'IsFileCreated(assemblyPath)'
Assertion failed on expression: 'IsFileCreated(assemblyPath)'
Assertion failed on expression: 'IsFileCreated(assemblyPath)'
Assertion failed on expression: 'IsFileCreated(assemblyPath)'
Assertion failed on expression: 'IsFileCreated(assemblyPath)'
Assertion failed on expression: 'IsFileCreated(assemblyPath)'
Compilation Pipeline: Could not read file Packages/com.unity.textmeshpro/Scripts/Runtime/Unity.TextMeshPro.asmdef
Fatal Error! Compilation Pipeline: Could not read file Packages/com.unity.textmeshpro/Scripts/Runtime/Unity.TextMeshPro.asmdef
Obtained 35 stack frames.
#0  0x000001bb94ed98 in __pthread_kill
#1  0xbd5a8001bb8be340 in abort
#2  0x9a188001053645e4 in __cxx_global_var_init.3
#3  0x00000103f32100 in EditorMonoConsole::LogToConsoleImplementation(CppLogEntry&)
#4  0x00000103f317cc in EditorMonoConsole::LogToConsoleImplementation(DebugStringToFileData const&)
#5  0x00000103f333e8 in LogToConsoleImplementation(DebugStringToFileData const&)
#6  0x00000104cacbec in DebugStringToFilePostprocessedStacktrace(DebugStringToFileData const&)
#7  0x00000104cad184 in DebugStringToFile(DebugStringToFileData const&)
#8  0x0000010444b54c in RegisterAssemblyDefinition(core::basic_string<char, core::StringStorageDefault<char> > const&)
#9  0x00000104838a3c in UpdateScriptCompilationPipelineCaches(ScriptChanges const&, bool)
#10 0x000001048392a4 in WorkerInitializeAndProcessScriptChanges()
#11 0x000001040c03ec in Application::InitializeProject()
#12 0x0000010536fb9c in -[EditorApplication applicationDidFinishLaunching:]
#13 0x000001bba45468 in __CFNOTIFICATIONCENTER_IS_CALLING_OUT_TO_AN_OBSERVER__
#14 0x6d170001bbae9bb8 in ___CFXRegistrationPost_block_invoke
#15 0x662a0001bbae9b24 in _CFXRegistrationPost
#16 0x5a548001bba140f8 in _CFXNotificationPost
#17 0xf6258001bc8d9c28 in -[NSNotificationCenter postNotificationName:object:userInfo:]
#18 0xf7100001be5bf28c in -[NSApplication _postDidFinishNotification]
#19 0x75310001be5befa4 in -[NSApplication _sendFinishLaunchingNotification]
#20 0xea1b0001be5bc9c8 in -[NSApplication(NSAppleEventHandling) _handleAEOpenEvent:]
#21 0xca580001be5bc5a8 in -[NSApplication(NSAppleEventHandling) _handleCoreEvent:withReplyEvent:]
#22 0x41680001bc9067d8 in -[NSAppleEventManager dispatchRawAppleEvent:withRawReply:handlerRefCon:]
#23 0x1f6f0001bc906610 in _NSAppleEventManagerGenericHandler
#24 0xae650001c21f6ac4 in _AppleEventsCheckInAppWithBlock
#25 0x577b8001c21f641c in _AppleEventsCheckInAppWithBlock
#26 0x374f8001c21ef4b4 in aeProcessAppleEvent
#27 0x9730001c469f95c in AEProcessAppleEvent
#28 0x9e320001be5b68f4 in _DPSNextEvent
#29 0x383c0001be5b4e14 in -[NSApplication(NSEvent) _nextEventMatchingEventMask:untilDate:inMode:dequeue:]
#30 0x48380001be5a6fe0 in -[NSApplication run]
#31 0xce528001be5786fc in NSApplicationMain
#32 0x3e44800105389540 in EditorMain(int, char const**)
#33 0x0000010538987c in main
#34 0x000001089f508c in (Unknown)
